<?xml version="1.0" encoding="UTF-8"?>
<testng-results ignored="0" total="1" passed="1" failed="0" skipped="0">
  <reporter-output>
    <line>
      <![CDATA[No.of rows are: 4]]>
    </line>
    <line>
      <![CDATA[Add Customer Success]]>
    </line>
    <line>
      <![CDATA[Add Customer Success]]>
    </line>
    <line>
      <![CDATA[Add Customer Success]]>
    </line>
    <line>
      <![CDATA[Add Customer Success]]>
    </line>
  </reporter-output>
  <suite started-at="2024-10-18T11:24:57 IST" name="Default suite" finished-at="2024-10-18T11:25:54 IST" duration-ms="56256">
    <groups>
    </groups>
    <test started-at="2024-10-18T11:24:57 IST" name="Default test" finished-at="2024-10-18T11:25:54 IST" duration-ms="56256">
      <class name="driverFactory.TestScript">
        <test-method is-config="true" signature="setUp()[pri:0, instance:driverFactory.TestScript@4d14b6c2]" started-at="2024-10-18T11:24:57 IST" name="setUp" finished-at="2024-10-18T11:25:02 IST" duration-ms="5045" status="PASS">
          <reporter-output>
          </reporter-output>
        </test-method> <!-- setUp -->
        <test-method signature="startTest()[pri:0, instance:driverFactory.TestScript@4d14b6c2]" started-at="2024-10-18T11:25:03 IST" name="startTest" finished-at="2024-10-18T11:25:53 IST" duration-ms="50867" status="PASS">
          <reporter-output>
            <line>
              <![CDATA[No.of rows are: 4]]>
            </line>
            <line>
              <![CDATA[Add Customer Success]]>
            </line>
            <line>
              <![CDATA[Add Customer Success]]>
            </line>
            <line>
              <![CDATA[Add Customer Success]]>
            </line>
            <line>
              <![CDATA[Add Customer Success]]>
            </line>
          </reporter-output>
        </test-method> <!-- startTest -->
        <test-method is-config="true" signature="tearDown()[pri:0, instance:driverFactory.TestScript@4d14b6c2]" started-at="2024-10-18T11:25:53 IST" name="tearDown" finished-at="2024-10-18T11:25:54 IST" duration-ms="309" status="PASS">
          <reporter-output>
          </reporter-output>
        </test-method> <!-- tearDown -->
      </class> <!-- driverFactory.TestScript -->
    </test> <!-- Default test -->
  </suite> <!-- Default suite -->
</testng-results>
